[0525/005244:ERROR:process_reader_win.cc(142)] SuspendThread: 拒绝访问。 (0x5)
[0525/005244:ERROR:exception_snapshot_win.cc(87)] thread ID 44016 not found in process
[0525/005244:WARNING:crash_report_exception_handler.cc(56)] ProcessSnapshotWin::Initialize failed
[0525/005244:ERROR:scoped_process_suspend.cc(38)] NtResumeProcess: 已尝试访问正在退出的过程。  (0xc000010a)
[0525/005544:ERROR:process_reader_win.cc(142)] SuspendThread: 拒绝访问。 (0x5)
[0525/005544:ERROR:exception_snapshot_win.cc(87)] thread ID 9376 not found in process
[0525/005544:WARNING:crash_report_exception_handler.cc(56)] ProcessSnapshotWin::Initialize failed
[0525/005544:ERROR:scoped_process_suspend.cc(38)] NtResumeProcess: 已尝试访问正在退出的过程。  (0xc000010a)
[0525/010219:ERROR:process_reader_win.cc(142)] SuspendThread: 拒绝访问。 (0x5)
[0525/010219:ERROR:exception_snapshot_win.cc(87)] thread ID 18336 not found in process
[0525/010219:WARNING:crash_report_exception_handler.cc(56)] ProcessSnapshotWin::Initialize failed
[0525/010356:ERROR:process_reader_win.cc(233)] ReadMemory at 0x712f0000 of 64 bytes failed: 仅完成部分的 ReadProcessMemory 或 WriteProcessMemory 请求。 (0x12B)
[0525/010356:WARNING:pe_image_reader.cc(281)] could not read dos header from C:\WINDOWS\SYSTEM32\dwrite.dll
[0525/010356:ERROR:process_reader_win.cc(233)] ReadMemory at 0x3f5000 of 45056 bytes failed: 仅完成部分的 ReadProcessMemory 或 WriteProcessMemory 请求。 (0x12B)
[0525/010356:ERROR:crash_report_exception_handler.cc(98)] WriteEverything failed
[0525/010356:ERROR:scoped_process_suspend.cc(38)] NtResumeProcess: 已尝试访问正在退出的过程。  (0xc000010a)
[0525/010518:ERROR:process_reader_win.cc(142)] SuspendThread: 拒绝访问。 (0x5)
[0525/010518:ERROR:exception_snapshot_win.cc(87)] thread ID 25312 not found in process
[0525/010518:WARNING:crash_report_exception_handler.cc(56)] ProcessSnapshotWin::Initialize failed
[0525/010607:ERROR:process_reader_win.cc(142)] SuspendThread: 拒绝访问。 (0x5)
[0525/010607:ERROR:exception_snapshot_win.cc(87)] thread ID 18396 not found in process
[0525/010607:WARNING:crash_report_exception_handler.cc(56)] ProcessSnapshotWin::Initialize failed
